TN:
SF:script/DeployRaiseBox.s.sol
DA:9,1
FN:9,DeployRaiseboxContract.run
FNDA:1,DeployRaiseboxContract.run
DA:10,1
DA:11,1
DA:18,1
FNF:1
FNH:1
LF:4
LH:4
BRF:0
BRH:0
end_of_record
TN:
SF:src/RaiseBoxFaucet.sol
DA:54,27
FN:54,RaiseBoxFaucet.constructor
FNDA:27,RaiseBoxFaucet.constructor
DA:62,27
DA:63,27
DA:64,27
DA:66,27
DA:107,4
FN:107,RaiseBoxFaucet.mintFaucetTokens
FNDA:4,RaiseBoxFaucet.mintFaucetTokens
DA:108,3
BRDA:108,0,0,1
DA:109,1
DA:112,2
BRDA:112,1,0,-
DA:113,0
DA:116,2
DA:118,2
DA:125,2
FN:125,RaiseBoxFaucet.burnFaucetTokens
FNDA:2,RaiseBoxFaucet.burnFaucetTokens
DA:126,2
BRDA:126,2,0,-
BRDA:126,2,1,2
DA:133,2
DA:135,2
DA:146,52
FN:146,RaiseBoxFaucet.claimFaucetTokens
FNDA:52,RaiseBoxFaucet.claimFaucetTokens
DA:148,52
DA:152,52
BRDA:152,3,0,2
DA:153,2
DA:157,50
DA:158,48
DA:159,46
DA:160,5
BRDA:160,4,0,5
DA:161,5
DA:164,45
BRDA:164,5,0,-
DA:165,0
DA:168,45
BRDA:168,6,0,-
DA:169,0
DA:174,45
BRDA:174,7,0,40
BRDA:174,7,1,1
DA:175,40
DA:177,40
BRDA:177,8,0,15
DA:178,15
DA:179,15
DA:184,40
DA:185,40
DA:186,39
BRDA:186,9,0,39
BRDA:183,9,1,1
DA:187,39
DA:188,39
DA:190,39
DA:194,39
BRDA:194,10,0,39
BRDA:194,10,1,-
DA:195,39
DA:197,0
DA:200,1
DA:208,5
DA:217,45
BRDA:217,11,0,17
DA:218,17
DA:219,17
DA:225,45
DA:226,45
DA:229,45
DA:231,45
DA:236,3
FN:236,RaiseBoxFaucet.refillSepEth
FNDA:3,RaiseBoxFaucet.refillSepEth
DA:237,1
BRDA:237,12,0,-
BRDA:237,12,1,1
DA:239,1
BRDA:239,13,0,-
BRDA:239,13,1,1
DA:244,1
DA:249,3
FN:249,RaiseBoxFaucet.toggleEthDripPause
FNDA:3,RaiseBoxFaucet.toggleEthDripPause
DA:250,3
DA:252,3
DA:260,2
FN:260,RaiseBoxFaucet.receive
FNDA:2,RaiseBoxFaucet.receive
DA:261,2
DA:265,0
FN:265,RaiseBoxFaucet.fallback
FNDA:0,RaiseBoxFaucet.fallback
DA:266,0
DA:275,29
FN:275,RaiseBoxFaucet.getBalance
FNDA:29,RaiseBoxFaucet.getBalance
DA:276,29
DA:279,2
FN:279,RaiseBoxFaucet.getClaimer
FNDA:2,RaiseBoxFaucet.getClaimer
DA:280,2
DA:285,16
FN:285,RaiseBoxFaucet.getHasClaimedEth
FNDA:16,RaiseBoxFaucet.getHasClaimedEth
DA:286,16
DA:291,4
FN:291,RaiseBoxFaucet.getUserLastClaimTime
FNDA:4,RaiseBoxFaucet.getUserLastClaimTime
DA:292,4
DA:296,6
FN:296,RaiseBoxFaucet.getFaucetTotalSupply
FNDA:6,RaiseBoxFaucet.getFaucetTotalSupply
DA:297,6
DA:301,3
FN:301,RaiseBoxFaucet.getContractSepEthBalance
FNDA:3,RaiseBoxFaucet.getContractSepEthBalance
DA:302,3
DA:306,1
FN:306,RaiseBoxFaucet.getOwner
FNDA:1,RaiseBoxFaucet.getOwner
DA:307,1
FNF:15
FNH:14
LF:77
LH:71
BRF:20
BRH:13
end_of_record
